<?xml version="1.0" encoding="UTF-8"?>
<!-- Generated by org.testng.reporters.JUnitReportReporter -->
<testsuite hostname="TL1103" failures="0" tests="1" name="tests.TC_002LogoutFunction" time="3.956" errors="0" timestamp="2025-09-21T21:56:37 IST" skipped="0">
  <testcase classname="tests.TC_002LogoutFunction" name="loginFunction" time="3.956"/>
  <system-out/>
</testsuite> <!-- tests.TC_002LogoutFunction -->
